0 info it worked if it ends with ok
1 verbose cli [ '/usr/bin/nodejs', '/usr/bin/npm', 'i', '-g', 'blitz-cli' ]
2 info using npm@1.3.10
3 info using node@v0.10.25
4 verbose cache add [ 'blitz-cli', null ]
5 verbose cache add name=undefined spec="blitz-cli" args=["blitz-cli",null]
6 verbose parsed url { protocol: null,
6 verbose parsed url   slashes: null,
6 verbose parsed url   auth: null,
6 verbose parsed url   host: null,
6 verbose parsed url   port: null,
6 verbose parsed url   hostname: null,
6 verbose parsed url   hash: null,
6 verbose parsed url   search: null,
6 verbose parsed url   query: null,
6 verbose parsed url   pathname: 'blitz-cli',
6 verbose parsed url   path: 'blitz-cli',
6 verbose parsed url   href: 'blitz-cli' }
7 silly lockFile 8dded15d-blitz-cli blitz-cli
8 verbose lock blitz-cli /home/axp419/.npm/8dded15d-blitz-cli.lock
9 silly lockFile 8dded15d-blitz-cli blitz-cli
10 silly lockFile 8dded15d-blitz-cli blitz-cli
11 verbose addNamed [ 'blitz-cli', '' ]
12 verbose addNamed [ null, '*' ]
13 silly lockFile fe17e6ce-blitz-cli blitz-cli@
14 verbose lock blitz-cli@ /home/axp419/.npm/fe17e6ce-blitz-cli.lock
15 silly addNameRange { name: 'blitz-cli', range: '*', hasData: false }
16 verbose url raw blitz-cli
17 verbose url resolving [ 'https://registry.npmjs.org/', './blitz-cli' ]
18 verbose url resolved https://registry.npmjs.org/blitz-cli
19 info trying registry request attempt 1 at 16:51:11
20 http GET https://registry.npmjs.org/blitz-cli
21 http 200 https://registry.npmjs.org/blitz-cli
22 silly registry.get cb [ 200,
22 silly registry.get   { server: 'CouchDB/1.5.0 (Erlang OTP/R16B03)',
22 silly registry.get     etag: '"ALIFIUMOFA282YWKQYZXZP1KW"',
22 silly registry.get     'content-type': 'application/json',
22 silly registry.get     'cache-control': 'max-age=300',
22 silly registry.get     'content-length': '3040',
22 silly registry.get     'accept-ranges': 'bytes',
22 silly registry.get     date: 'Tue, 03 May 2016 09:51:12 GMT',
22 silly registry.get     via: '1.1 varnish',
22 silly registry.get     age: '0',
22 silly registry.get     connection: 'keep-alive',
22 silly registry.get     'x-served-by': 'cache-sin6922-SIN',
22 silly registry.get     'x-cache': 'MISS',
22 silly registry.get     'x-cache-hits': '0',
22 silly registry.get     'x-timer': 'S1462269072.542899,VS0,VE252',
22 silly registry.get     vary: 'Accept-Encoding' } ]
23 silly addNameRange number 2 { name: 'blitz-cli', range: '*', hasData: true }
24 silly addNameRange versions [ 'blitz-cli', [ '0.0.1', '0.0.2' ] ]
25 verbose addNamed [ 'blitz-cli', '0.0.2' ]
26 verbose addNamed [ '0.0.2', '0.0.2' ]
27 silly lockFile 105adc74-blitz-cli-0-0-2 blitz-cli@0.0.2
28 verbose lock blitz-cli@0.0.2 /home/axp419/.npm/105adc74-blitz-cli-0-0-2.lock
29 silly lockFile 1f8efb77-rg-blitz-cli-blitz-cli-0-0-2-tgz https://registry.npmjs.org/blitz-cli/-/blitz-cli-0.0.2.tgz
30 verbose lock https://registry.npmjs.org/blitz-cli/-/blitz-cli-0.0.2.tgz /home/axp419/.npm/1f8efb77-rg-blitz-cli-blitz-cli-0-0-2-tgz.lock
31 verbose addRemoteTarball [ 'https://registry.npmjs.org/blitz-cli/-/blitz-cli-0.0.2.tgz',
31 verbose addRemoteTarball   'b945ef0f84794e54ffd6c88952344d96c2829d22' ]
32 info retry fetch attempt 1 at 16:51:12
33 verbose fetch to= /home/axp419/tmp/npm-8081-GlvnGOz3/1462269072872-0.9430406759493053/tmp.tgz
34 http GET https://registry.npmjs.org/blitz-cli/-/blitz-cli-0.0.2.tgz
35 http 200 https://registry.npmjs.org/blitz-cli/-/blitz-cli-0.0.2.tgz
36 verbose tar unpack /home/axp419/tmp/npm-8081-GlvnGOz3/1462269072872-0.9430406759493053/tmp.tgz
37 silly lockFile 007b3893-72872-0-9430406759493053-package tar:///home/axp419/tmp/npm-8081-GlvnGOz3/1462269072872-0.9430406759493053/package
38 verbose lock tar:///home/axp419/tmp/npm-8081-GlvnGOz3/1462269072872-0.9430406759493053/package /home/axp419/.npm/007b3893-72872-0-9430406759493053-package.lock
39 silly lockFile 9ffa82f9-72872-0-9430406759493053-tmp-tgz tar:///home/axp419/tmp/npm-8081-GlvnGOz3/1462269072872-0.9430406759493053/tmp.tgz
40 verbose lock tar:///home/axp419/tmp/npm-8081-GlvnGOz3/1462269072872-0.9430406759493053/tmp.tgz /home/axp419/.npm/9ffa82f9-72872-0-9430406759493053-tmp-tgz.lock
41 silly gunzTarPerm modes [ '755', '644' ]
42 silly gunzTarPerm extractEntry package.json
43 silly gunzTarPerm extractEntry .npmignore
44 silly gunzTarPerm extractEntry LICENSE
45 silly gunzTarPerm extractEntry index.js
46 silly gunzTarPerm extractEntry readme.md
47 silly lockFile 007b3893-72872-0-9430406759493053-package tar:///home/axp419/tmp/npm-8081-GlvnGOz3/1462269072872-0.9430406759493053/package
48 silly lockFile 007b3893-72872-0-9430406759493053-package tar:///home/axp419/tmp/npm-8081-GlvnGOz3/1462269072872-0.9430406759493053/package
49 silly lockFile 9ffa82f9-72872-0-9430406759493053-tmp-tgz tar:///home/axp419/tmp/npm-8081-GlvnGOz3/1462269072872-0.9430406759493053/tmp.tgz
50 silly lockFile 9ffa82f9-72872-0-9430406759493053-tmp-tgz tar:///home/axp419/tmp/npm-8081-GlvnGOz3/1462269072872-0.9430406759493053/tmp.tgz
51 verbose tar pack [ '/home/axp419/.npm/blitz-cli/0.0.2/package.tgz',
51 verbose tar pack   '/home/axp419/tmp/npm-8081-GlvnGOz3/1462269072872-0.9430406759493053/package' ]
52 verbose tarball /home/axp419/.npm/blitz-cli/0.0.2/package.tgz
53 verbose folder /home/axp419/tmp/npm-8081-GlvnGOz3/1462269072872-0.9430406759493053/package
54 silly lockFile 007b3893-72872-0-9430406759493053-package tar:///home/axp419/tmp/npm-8081-GlvnGOz3/1462269072872-0.9430406759493053/package
55 verbose lock tar:///home/axp419/tmp/npm-8081-GlvnGOz3/1462269072872-0.9430406759493053/package /home/axp419/.npm/007b3893-72872-0-9430406759493053-package.lock
56 silly lockFile 35e8237a--npm-blitz-cli-0-0-2-package-tgz tar:///home/axp419/.npm/blitz-cli/0.0.2/package.tgz
57 verbose lock tar:///home/axp419/.npm/blitz-cli/0.0.2/package.tgz /home/axp419/.npm/35e8237a--npm-blitz-cli-0-0-2-package-tgz.lock
58 silly lockFile 007b3893-72872-0-9430406759493053-package tar:///home/axp419/tmp/npm-8081-GlvnGOz3/1462269072872-0.9430406759493053/package
59 silly lockFile 007b3893-72872-0-9430406759493053-package tar:///home/axp419/tmp/npm-8081-GlvnGOz3/1462269072872-0.9430406759493053/package
60 silly lockFile 35e8237a--npm-blitz-cli-0-0-2-package-tgz tar:///home/axp419/.npm/blitz-cli/0.0.2/package.tgz
61 silly lockFile 35e8237a--npm-blitz-cli-0-0-2-package-tgz tar:///home/axp419/.npm/blitz-cli/0.0.2/package.tgz
62 silly lockFile 52c78990-p419-npm-blitz-cli-0-0-2-package /home/axp419/.npm/blitz-cli/0.0.2/package
63 verbose lock /home/axp419/.npm/blitz-cli/0.0.2/package /home/axp419/.npm/52c78990-p419-npm-blitz-cli-0-0-2-package.lock
64 silly lockFile 52c78990-p419-npm-blitz-cli-0-0-2-package /home/axp419/.npm/blitz-cli/0.0.2/package
65 silly lockFile 52c78990-p419-npm-blitz-cli-0-0-2-package /home/axp419/.npm/blitz-cli/0.0.2/package
66 verbose tar unpack /home/axp419/.npm/blitz-cli/0.0.2/package.tgz
67 silly lockFile ac63a44b-p419-npm-blitz-cli-0-0-2-package tar:///home/axp419/.npm/blitz-cli/0.0.2/package
68 verbose lock tar:///home/axp419/.npm/blitz-cli/0.0.2/package /home/axp419/.npm/ac63a44b-p419-npm-blitz-cli-0-0-2-package.lock
69 silly lockFile 35e8237a--npm-blitz-cli-0-0-2-package-tgz tar:///home/axp419/.npm/blitz-cli/0.0.2/package.tgz
70 verbose lock tar:///home/axp419/.npm/blitz-cli/0.0.2/package.tgz /home/axp419/.npm/35e8237a--npm-blitz-cli-0-0-2-package-tgz.lock
71 silly gunzTarPerm modes [ '755', '644' ]
72 silly gunzTarPerm extractEntry package.json
73 silly gunzTarPerm extractEntry .npmignore
74 silly gunzTarPerm extractEntry LICENSE
75 silly gunzTarPerm extractEntry index.js
76 silly gunzTarPerm extractEntry readme.md
77 silly lockFile ac63a44b-p419-npm-blitz-cli-0-0-2-package tar:///home/axp419/.npm/blitz-cli/0.0.2/package
78 silly lockFile ac63a44b-p419-npm-blitz-cli-0-0-2-package tar:///home/axp419/.npm/blitz-cli/0.0.2/package
79 silly lockFile 35e8237a--npm-blitz-cli-0-0-2-package-tgz tar:///home/axp419/.npm/blitz-cli/0.0.2/package.tgz
80 silly lockFile 35e8237a--npm-blitz-cli-0-0-2-package-tgz tar:///home/axp419/.npm/blitz-cli/0.0.2/package.tgz
81 verbose chmod /home/axp419/.npm/blitz-cli/0.0.2/package.tgz 644
82 verbose chown /home/axp419/.npm/blitz-cli/0.0.2/package.tgz [ 1000, 1000 ]
83 silly lockFile 1f8efb77-rg-blitz-cli-blitz-cli-0-0-2-tgz https://registry.npmjs.org/blitz-cli/-/blitz-cli-0.0.2.tgz
84 silly lockFile 1f8efb77-rg-blitz-cli-blitz-cli-0-0-2-tgz https://registry.npmjs.org/blitz-cli/-/blitz-cli-0.0.2.tgz
85 silly lockFile 105adc74-blitz-cli-0-0-2 blitz-cli@0.0.2
86 silly lockFile 105adc74-blitz-cli-0-0-2 blitz-cli@0.0.2
87 silly lockFile fe17e6ce-blitz-cli blitz-cli@
88 silly lockFile fe17e6ce-blitz-cli blitz-cli@
89 silly resolved [ { name: 'blitz-cli',
89 silly resolved     version: '0.0.2',
89 silly resolved     description: 'check the cgv blitz cinema movie seat from your cli',
89 silly resolved     bin: { 'blitz-cli': 'index.js' },
89 silly resolved     scripts: { test: 'echo "Error: no test specified" && exit 1' },
89 silly resolved     keywords: [ 'blitz', 'cinema', 'movies', 'cli' ],
89 silly resolved     author: { name: 'sonnylazuardi' },
89 silly resolved     license: 'MIT',
89 silly resolved     dependencies:
89 silly resolved      { axios: '^0.11.0',
89 silly resolved        bluebird: '^3.3.5',
89 silly resolved        chalk: '^1.1.3',
89 silly resolved        cheerio: '^0.20.0',
89 silly resolved        'cli-table': '^0.3.1',
89 silly resolved        dateformat: '^1.0.12',
89 silly resolved        inquirer: '^1.0.2' },
89 silly resolved     readme: 'Blitz CLI\n=========\n\n![cgv](http://s.kaskus.id/r480x480//images/fjb/2015/12/15/tiket_bioskop_cgv_blitz___blitzmegaplex___cgvblitz_semua_pertunjukan_free_biaya_1791283_1450188888.png)\n\n## Usage\n\n```\nnpm i -g blitz-cli\nblitz-cli\n```\n\n## License\n\n&copy; 2016 @sonnylazuardi\nMIT Licensed',
89 silly resolved     readmeFilename: 'readme.md',
89 silly resolved     _id: 'blitz-cli@0.0.2',
89 silly resolved     dist: { shasum: '05bc34d135485472920550052b4d72c3d50ffa8f' },
89 silly resolved     _from: 'blitz-cli@',
89 silly resolved     _resolved: 'https://registry.npmjs.org/blitz-cli/-/blitz-cli-0.0.2.tgz' } ]
90 info install blitz-cli@0.0.2 into /usr/local/lib
91 info installOne blitz-cli@0.0.2
92 info /usr/local/lib/node_modules/blitz-cli unbuild
93 verbose tar unpack /home/axp419/.npm/blitz-cli/0.0.2/package.tgz
94 silly lockFile 467b478c-local-lib-node-modules-blitz-cli tar:///usr/local/lib/node_modules/blitz-cli
95 verbose lock tar:///usr/local/lib/node_modules/blitz-cli /home/axp419/.npm/467b478c-local-lib-node-modules-blitz-cli.lock
96 silly lockFile 35e8237a--npm-blitz-cli-0-0-2-package-tgz tar:///home/axp419/.npm/blitz-cli/0.0.2/package.tgz
97 verbose lock tar:///home/axp419/.npm/blitz-cli/0.0.2/package.tgz /home/axp419/.npm/35e8237a--npm-blitz-cli-0-0-2-package-tgz.lock
98 silly gunzTarPerm modes [ '755', '644' ]
99 error Error: EACCES, mkdir '/usr/local/lib/node_modules'
99 error  { [Error: EACCES, mkdir '/usr/local/lib/node_modules']
99 error   errno: 3,
99 error   code: 'EACCES',
99 error   path: '/usr/local/lib/node_modules',
99 error   fstream_type: 'Directory',
99 error   fstream_path: '/usr/local/lib/node_modules/blitz-cli',
99 error   fstream_class: 'DirWriter',
99 error   fstream_stack:
99 error    [ '/usr/lib/nodejs/fstream/lib/writer.js:171:23',
99 error      '/usr/lib/nodejs/mkdirp/index.js:37:53',
99 error      'Object.oncomplete (fs.js:107:15)' ] }
100 error Please try running this command again as root/Administrator.
101 error System Linux 3.19.0-25-generic
102 error command "/usr/bin/nodejs" "/usr/bin/npm" "i" "-g" "blitz-cli"
103 error cwd /var/www/html/koperasi-laravel
104 error node -v v0.10.25
105 error npm -v 1.3.10
106 error path /usr/local/lib/node_modules
107 error fstream_path /usr/local/lib/node_modules/blitz-cli
108 error fstream_type Directory
109 error fstream_class DirWriter
110 error code EACCES
111 error errno 3
112 error stack Error: EACCES, mkdir '/usr/local/lib/node_modules'
113 error fstream_stack /usr/lib/nodejs/fstream/lib/writer.js:171:23
113 error fstream_stack /usr/lib/nodejs/mkdirp/index.js:37:53
113 error fstream_stack Object.oncomplete (fs.js:107:15)
114 verbose exit [ 3, true ]
